{"name": "src.utils.snk_requester", "timestamp": "2025-05-19T00:55:19Z", "severity": "ERROR", "filename": "snk_requester.py", "lineno": 97, "process": 11072, "message": "Erro no servi\u00e7o DbExplorerSP.executeQuery: status=3, message=N\u00e3o autorizado."}
{"name": "src.utils.snk_requester", "timestamp": "2025-05-19T00:55:53Z", "severity": "ERROR", "filename": "snk_requester.py", "lineno": 97, "process": 4828, "message": "Erro no servi\u00e7o ImportacaoXMLNotasSP.processarArquivo: status=0, message=N\u00e3o \u00e9 poss\u00edvel processar esta importa\u00e7\u00e3o, pois ela n\u00e3o possui XML."}
{"name": "__main__", "timestamp": "2025-05-19T00:55:53Z", "severity": "WARNING", "filename": "launch2.py", "lineno": 139, "process": 4828, "message": "N\u00e3o tem aviso de importa\u00e7\u00e3o \n MSG: {'serviceName': 'ImportacaoXMLNotasSP.processarArquivo', 'status': '0', 'pendingPrinting': 'false', 'transactionId': '70CECC25AB70ED1E075AF2EDA2357A55', 'tsError': {'tsErrorCode': 'CORE_E00237', 'tsErrorLevel': 'ERROR'}, 'statusMessage': 'N\u00e3o \u00e9 poss\u00edvel processar esta importa\u00e7\u00e3o, pois ela n\u00e3o possui XML.'}"}
{"name": "src.utils.snk_requester", "timestamp": "2025-05-19T00:56:42Z", "severity": "ERROR", "filename": "snk_requester.py", "lineno": 97, "process": 5552, "message": "Erro no servi\u00e7o ImportacaoXMLNotasSP.processarArquivo: status=0, message=N\u00e3o \u00e9 poss\u00edvel processar esta importa\u00e7\u00e3o, pois ela n\u00e3o possui XML."}
{"name": "__main__", "timestamp": "2025-05-19T00:56:42Z", "severity": "WARNING", "filename": "launch2.py", "lineno": 139, "process": 5552, "message": "N\u00e3o tem aviso de importa\u00e7\u00e3o \n MSG: {'serviceName': 'ImportacaoXMLNotasSP.processarArquivo', 'status': '0', 'pendingPrinting': 'false', 'transactionId': 'B89787C5EDF8C6733E35E194949BA662', 'tsError': {'tsErrorCode': 'CORE_E00237', 'tsErrorLevel': 'ERROR'}, 'statusMessage': 'N\u00e3o \u00e9 poss\u00edvel processar esta importa\u00e7\u00e3o, pois ela n\u00e3o possui XML.'}"}
{"name": "src.utils.snk_requester", "timestamp": "2025-05-19T00:56:55Z", "severity": "ERROR", "filename": "snk_requester.py", "lineno": 97, "process": 12660, "message": "Erro no servi\u00e7o ImportacaoXMLNotasSP.processarArquivo: status=0, message=N\u00e3o \u00e9 poss\u00edvel processar esta importa\u00e7\u00e3o, pois ela n\u00e3o possui XML."}
{"name": "__main__", "timestamp": "2025-05-19T00:56:55Z", "severity": "WARNING", "filename": "launch2.py", "lineno": 139, "process": 12660, "message": "N\u00e3o tem aviso de importa\u00e7\u00e3o \n MSG: {'serviceName': 'ImportacaoXMLNotasSP.processarArquivo', 'status': '0', 'pendingPrinting': 'false', 'transactionId': 'AC387734D07DAD7559F1F77325CE8231', 'tsError': {'tsErrorCode': 'CORE_E00237', 'tsErrorLevel': 'ERROR'}, 'statusMessage': 'N\u00e3o \u00e9 poss\u00edvel processar esta importa\u00e7\u00e3o, pois ela n\u00e3o possui XML.'}"}
{"name": "src.utils.snk_requester", "timestamp": "2025-05-19T00:57:00Z", "severity": "ERROR", "filename": "snk_requester.py", "lineno": 97, "process": 12660, "message": "Erro no servi\u00e7o ImportacaoXMLNotasSP.processarArquivo: status=0, message=ORA-20101: Nota j\u00e1 foi gerada no Livro Fiscal de ICMS/IPI, n\u00e3o pode ser alterada. Nota de Nro \u00danico: 165987\nORA-06512: em \"SANKHYA.TRG_UPD_TGFCAB\", line 979\nORA-04088: erro durante a execu\u00e7\u00e3o do gatilho 'SANKHYA.TRG_UPD_TGFCAB'"}
{"name": "src.utils.snk_requester", "timestamp": "2025-05-19T00:57:00Z", "severity": "ERROR", "filename": "snk_requester.py", "lineno": 97, "process": 12660, "message": "Erro no servi\u00e7o ImportacaoXMLNotasSP.processarArquivo: status=0, message=ORA-20101: Nota j\u00e1 foi gerada no Livro Fiscal de ICMS/IPI, n\u00e3o pode ser alterada. Nota de Nro \u00danico: 166334\nORA-06512: em \"SANKHYA.TRG_UPD_TGFCAB\", line 979\nORA-04088: erro durante a execu\u00e7\u00e3o do gatilho 'SANKHYA.TRG_UPD_TGFCAB'"}
{"name": "src.utils.snk_requester", "timestamp": "2025-05-19T00:58:13Z", "severity": "ERROR", "filename": "snk_requester.py", "lineno": 97, "process": 13336, "message": "Erro no servi\u00e7o ImportacaoXMLNotasSP.processarArquivo: status=0, message=N\u00e3o \u00e9 poss\u00edvel processar esta importa\u00e7\u00e3o, pois ela n\u00e3o possui XML."}
{"name": "__main__", "timestamp": "2025-05-19T00:58:13Z", "severity": "WARNING", "filename": "launch2.py", "lineno": 139, "process": 13336, "message": "N\u00e3o tem aviso de importa\u00e7\u00e3o \n MSG: {'serviceName': 'ImportacaoXMLNotasSP.processarArquivo', 'status': '0', 'pendingPrinting': 'false', 'transactionId': 'A835FE6DCC70F5B6556F5CAE90015A67', 'tsError': {'tsErrorCode': 'CORE_E00237', 'tsErrorLevel': 'ERROR'}, 'statusMessage': 'N\u00e3o \u00e9 poss\u00edvel processar esta importa\u00e7\u00e3o, pois ela n\u00e3o possui XML.'}"}
{"name": "src.utils.snk_requester", "timestamp": "2025-05-19T01:03:55Z", "severity": "ERROR", "filename": "snk_requester.py", "lineno": 97, "process": 11344, "message": "Erro no servi\u00e7o ImportacaoXMLNotasSP.processarArquivo: status=0, message=N\u00e3o \u00e9 poss\u00edvel processar esta importa\u00e7\u00e3o, pois ela n\u00e3o possui XML."}
{"name": "__main__", "timestamp": "2025-05-19T01:03:55Z", "severity": "WARNING", "filename": "launch2.py", "lineno": 146, "process": 11344, "message": "N\u00e3o tem aviso de importa\u00e7\u00e3o \n MSG: {'serviceName': 'ImportacaoXMLNotasSP.processarArquivo', 'status': '0', 'pendingPrinting': 'false', 'transactionId': '77183098648C232AF5DFC95A29D92E90', 'tsError': {'tsErrorCode': 'CORE_E00237', 'tsErrorLevel': 'ERROR'}, 'statusMessage': 'N\u00e3o \u00e9 poss\u00edvel processar esta importa\u00e7\u00e3o, pois ela n\u00e3o possui XML.'}"}
{"name": "src.utils.snk_requester", "timestamp": "2025-05-19T01:03:57Z", "severity": "ERROR", "filename": "snk_requester.py", "lineno": 97, "process": 11344, "message": "Erro no servi\u00e7o ImportacaoXMLNotasSP.processarArquivo: status=0, message=ORA-20101: Nota j\u00e1 foi gerada no Livro Fiscal de ICMS/IPI, n\u00e3o pode ser alterada. Nota de Nro \u00danico: 165987\nORA-06512: em \"SANKHYA.TRG_UPD_TGFCAB\", line 979\nORA-04088: erro durante a execu\u00e7\u00e3o do gatilho 'SANKHYA.TRG_UPD_TGFCAB'"}
{"name": "src.utils.snk_requester", "timestamp": "2025-05-19T01:05:31Z", "severity": "ERROR", "filename": "snk_requester.py", "lineno": 97, "process": 7072, "message": "Erro no servi\u00e7o ImportacaoXMLNotasSP.processarArquivo: status=0, message=N\u00e3o \u00e9 poss\u00edvel processar esta importa\u00e7\u00e3o, pois ela n\u00e3o possui XML."}
{"name": "__main__", "timestamp": "2025-05-19T01:05:31Z", "severity": "WARNING", "filename": "launch2.py", "lineno": 146, "process": 7072, "message": "N\u00e3o tem aviso de importa\u00e7\u00e3o \n MSG: {'serviceName': 'ImportacaoXMLNotasSP.processarArquivo', 'status': '0', 'pendingPrinting': 'false', 'transactionId': '03AB53683351E49FD1AFD579935BC38D', 'tsError': {'tsErrorCode': 'CORE_E00237', 'tsErrorLevel': 'ERROR'}, 'statusMessage': 'N\u00e3o \u00e9 poss\u00edvel processar esta importa\u00e7\u00e3o, pois ela n\u00e3o possui XML.'}"}
{"name": "src.utils.snk_requester", "timestamp": "2025-05-19T01:05:33Z", "severity": "ERROR", "filename": "snk_requester.py", "lineno": 97, "process": 7072, "message": "Erro no servi\u00e7o ImportacaoXMLNotasSP.processarArquivo: status=0, message=ORA-20101: Nota j\u00e1 foi gerada no Livro Fiscal de ICMS/IPI, n\u00e3o pode ser alterada. Nota de Nro \u00danico: 165987\nORA-06512: em \"SANKHYA.TRG_UPD_TGFCAB\", line 979\nORA-04088: erro durante a execu\u00e7\u00e3o do gatilho 'SANKHYA.TRG_UPD_TGFCAB'"}
{"name": "src.utils.snk_requester", "timestamp": "2025-05-19T01:05:33Z", "severity": "ERROR", "filename": "snk_requester.py", "lineno": 97, "process": 7072, "message": "Erro no servi\u00e7o ImportacaoXMLNotasSP.processarArquivo: status=0, message=ORA-20101: Nota j\u00e1 foi gerada no Livro Fiscal de ICMS/IPI, n\u00e3o pode ser alterada. Nota de Nro \u00danico: 166334\nORA-06512: em \"SANKHYA.TRG_UPD_TGFCAB\", line 979\nORA-04088: erro durante a execu\u00e7\u00e3o do gatilho 'SANKHYA.TRG_UPD_TGFCAB'"}
{"name": "src.utils.snk_requester", "timestamp": "2025-05-19T01:05:46Z", "severity": "ERROR", "filename": "snk_requester.py", "lineno": 97, "process": 7072, "message": "Erro no servi\u00e7o ImportacaoXMLNotasSP.processarArquivo: status=0, message=N\u00e3o \u00e9 poss\u00edvel processar esta importa\u00e7\u00e3o, pois ela n\u00e3o possui XML."}
{"name": "__main__", "timestamp": "2025-05-19T01:05:46Z", "severity": "WARNING", "filename": "launch2.py", "lineno": 146, "process": 7072, "message": "N\u00e3o tem aviso de importa\u00e7\u00e3o \n MSG: {'serviceName': 'ImportacaoXMLNotasSP.processarArquivo', 'status': '0', 'pendingPrinting': 'false', 'transactionId': 'CD2D44C6CD371D48BFEE50D6B1DA8892', 'tsError': {'tsErrorCode': 'CORE_E00237', 'tsErrorLevel': 'ERROR'}, 'statusMessage': 'N\u00e3o \u00e9 poss\u00edvel processar esta importa\u00e7\u00e3o, pois ela n\u00e3o possui XML.'}"}
{"name": "src.utils.snk_requester", "timestamp": "2025-05-19T01:05:50Z", "severity": "ERROR", "filename": "snk_requester.py", "lineno": 97, "process": 7072, "message": "Erro no servi\u00e7o ImportacaoXMLNotasSP.processarArquivo: status=0, message=ORA-20101: Nota j\u00e1 foi gerada no Livro Fiscal de ICMS/IPI, n\u00e3o pode ser alterada. Nota de Nro \u00danico: 165987\nORA-06512: em \"SANKHYA.TRG_UPD_TGFCAB\", line 979\nORA-04088: erro durante a execu\u00e7\u00e3o do gatilho 'SANKHYA.TRG_UPD_TGFCAB'"}
{"name": "src.utils.snk_requester", "timestamp": "2025-05-19T01:05:51Z", "severity": "ERROR", "filename": "snk_requester.py", "lineno": 97, "process": 7072, "message": "Erro no servi\u00e7o ImportacaoXMLNotasSP.processarArquivo: status=0, message=ORA-20101: Nota j\u00e1 foi gerada no Livro Fiscal de ICMS/IPI, n\u00e3o pode ser alterada. Nota de Nro \u00danico: 166334\nORA-06512: em \"SANKHYA.TRG_UPD_TGFCAB\", line 979\nORA-04088: erro durante a execu\u00e7\u00e3o do gatilho 'SANKHYA.TRG_UPD_TGFCAB'"}
{"name": "src.utils.snk_requester", "timestamp": "2025-05-19T01:06:03Z", "severity": "ERROR", "filename": "snk_requester.py", "lineno": 97, "process": 7072, "message": "Erro no servi\u00e7o ImportacaoXMLNotasSP.processarArquivo: status=0, message=N\u00e3o \u00e9 poss\u00edvel processar esta importa\u00e7\u00e3o, pois ela n\u00e3o possui XML."}
{"name": "__main__", "timestamp": "2025-05-19T01:06:03Z", "severity": "WARNING", "filename": "launch2.py", "lineno": 146, "process": 7072, "message": "N\u00e3o tem aviso de importa\u00e7\u00e3o \n MSG: {'serviceName': 'ImportacaoXMLNotasSP.processarArquivo', 'status': '0', 'pendingPrinting': 'false', 'transactionId': '8E2424D4C67F384794CEEBD73BBDE540', 'tsError': {'tsErrorCode': 'CORE_E00237', 'tsErrorLevel': 'ERROR'}, 'statusMessage': 'N\u00e3o \u00e9 poss\u00edvel processar esta importa\u00e7\u00e3o, pois ela n\u00e3o possui XML.'}"}
{"name": "src.utils.snk_requester", "timestamp": "2025-05-19T01:07:38Z", "severity": "ERROR", "filename": "snk_requester.py", "lineno": 97, "process": 13492, "message": "Erro no servi\u00e7o ImportacaoXMLNotasSP.processarArquivo: status=0, message=N\u00e3o \u00e9 poss\u00edvel processar esta importa\u00e7\u00e3o, pois ela n\u00e3o possui XML."}
{"name": "__main__", "timestamp": "2025-05-19T01:07:38Z", "severity": "WARNING", "filename": "launch2.py", "lineno": 142, "process": 13492, "message": "N\u00e3o tem aviso de importa\u00e7\u00e3o \n MSG: {'serviceName': 'ImportacaoXMLNotasSP.processarArquivo', 'status': '0', 'pendingPrinting': 'false', 'transactionId': '581ACC50BD61E797AF1D37432F872741', 'tsError': {'tsErrorCode': 'CORE_E00237', 'tsErrorLevel': 'ERROR'}, 'statusMessage': 'N\u00e3o \u00e9 poss\u00edvel processar esta importa\u00e7\u00e3o, pois ela n\u00e3o possui XML.'}"}
{"name": "src.utils.snk_requester", "timestamp": "2025-05-19T01:07:41Z", "severity": "ERROR", "filename": "snk_requester.py", "lineno": 97, "process": 13492, "message": "Erro no servi\u00e7o ImportacaoXMLNotasSP.processarArquivo: status=0, message=ORA-20101: Nota j\u00e1 foi gerada no Livro Fiscal de ICMS/IPI, n\u00e3o pode ser alterada. Nota de Nro \u00danico: 165987\nORA-06512: em \"SANKHYA.TRG_UPD_TGFCAB\", line 979\nORA-04088: erro durante a execu\u00e7\u00e3o do gatilho 'SANKHYA.TRG_UPD_TGFCAB'"}
{"name": "src.utils.snk_requester", "timestamp": "2025-05-19T01:07:41Z", "severity": "ERROR", "filename": "snk_requester.py", "lineno": 97, "process": 13492, "message": "Erro no servi\u00e7o ImportacaoXMLNotasSP.processarArquivo: status=0, message=ORA-20101: Nota j\u00e1 foi gerada no Livro Fiscal de ICMS/IPI, n\u00e3o pode ser alterada. Nota de Nro \u00danico: 166334\nORA-06512: em \"SANKHYA.TRG_UPD_TGFCAB\", line 979\nORA-04088: erro durante a execu\u00e7\u00e3o do gatilho 'SANKHYA.TRG_UPD_TGFCAB'"}
{"name": "src.utils.snk_requester", "timestamp": "2025-05-19T01:07:53Z", "severity": "ERROR", "filename": "snk_requester.py", "lineno": 97, "process": 13492, "message": "Erro no servi\u00e7o ImportacaoXMLNotasSP.processarArquivo: status=0, message=N\u00e3o \u00e9 poss\u00edvel processar esta importa\u00e7\u00e3o, pois ela n\u00e3o possui XML."}
{"name": "__main__", "timestamp": "2025-05-19T01:07:53Z", "severity": "WARNING", "filename": "launch2.py", "lineno": 142, "process": 13492, "message": "N\u00e3o tem aviso de importa\u00e7\u00e3o \n MSG: {'serviceName': 'ImportacaoXMLNotasSP.processarArquivo', 'status': '0', 'pendingPrinting': 'false', 'transactionId': '4366AE457CEF872F69B7F2EE4B770D1E', 'tsError': {'tsErrorCode': 'CORE_E00237', 'tsErrorLevel': 'ERROR'}, 'statusMessage': 'N\u00e3o \u00e9 poss\u00edvel processar esta importa\u00e7\u00e3o, pois ela n\u00e3o possui XML.'}"}
{"name": "src.utils.snk_requester", "timestamp": "2025-05-19T01:13:00Z", "severity": "ERROR", "filename": "snk_requester.py", "lineno": 97, "process": 13504, "message": "Erro no servi\u00e7o ImportacaoXMLNotasSP.processarArquivo: status=0, message=N\u00e3o \u00e9 poss\u00edvel processar esta importa\u00e7\u00e3o, pois ela n\u00e3o possui XML."}
{"name": "__main__", "timestamp": "2025-05-19T01:13:00Z", "severity": "WARNING", "filename": "launch2.py", "lineno": 144, "process": 13504, "message": "N\u00e3o tem aviso de importa\u00e7\u00e3o \n MSG: {'serviceName': 'ImportacaoXMLNotasSP.processarArquivo', 'status': '0', 'pendingPrinting': 'false', 'transactionId': '124ADA0B16F844380A232B054288A85B', 'tsError': {'tsErrorCode': 'CORE_E00237', 'tsErrorLevel': 'ERROR'}, 'statusMessage': 'N\u00e3o \u00e9 poss\u00edvel processar esta importa\u00e7\u00e3o, pois ela n\u00e3o possui XML.'}"}
{"name": "src.utils.snk_requester", "timestamp": "2025-05-19T01:13:03Z", "severity": "ERROR", "filename": "snk_requester.py", "lineno": 97, "process": 13504, "message": "Erro no servi\u00e7o ImportacaoXMLNotasSP.processarArquivo: status=0, message=ORA-20101: Nota j\u00e1 foi gerada no Livro Fiscal de ICMS/IPI, n\u00e3o pode ser alterada. Nota de Nro \u00danico: 165987\nORA-06512: em \"SANKHYA.TRG_UPD_TGFCAB\", line 979\nORA-04088: erro durante a execu\u00e7\u00e3o do gatilho 'SANKHYA.TRG_UPD_TGFCAB'"}
{"name": "src.utils.snk_requester", "timestamp": "2025-05-19T01:13:03Z", "severity": "ERROR", "filename": "snk_requester.py", "lineno": 97, "process": 13504, "message": "Erro no servi\u00e7o ImportacaoXMLNotasSP.processarArquivo: status=0, message=ORA-20101: Nota j\u00e1 foi gerada no Livro Fiscal de ICMS/IPI, n\u00e3o pode ser alterada. Nota de Nro \u00danico: 166334\nORA-06512: em \"SANKHYA.TRG_UPD_TGFCAB\", line 979\nORA-04088: erro durante a execu\u00e7\u00e3o do gatilho 'SANKHYA.TRG_UPD_TGFCAB'"}
{"name": "__main__", "timestamp": "2025-05-19T01:13:15Z", "severity": "INFO", "filename": "launch2.py", "lineno": 163, "process": 13504, "message": "N\u00famero \u00fanico 1 n\u00e3o est\u00e1 no livro fiscal"}
{"name": "__main__", "timestamp": "2025-05-19T01:13:16Z", "severity": "INFO", "filename": "launch2.py", "lineno": 163, "process": 13504, "message": "N\u00famero \u00fanico 6 n\u00e3o est\u00e1 no livro fiscal"}
{"name": "__main__", "timestamp": "2025-05-19T01:13:16Z", "severity": "INFO", "filename": "launch2.py", "lineno": 163, "process": 13504, "message": "N\u00famero \u00fanico 6 n\u00e3o est\u00e1 no livro fiscal"}
{"name": "__main__", "timestamp": "2025-05-19T01:13:16Z", "severity": "INFO", "filename": "launch2.py", "lineno": 163, "process": 13504, "message": "N\u00famero \u00fanico 0 n\u00e3o est\u00e1 no livro fiscal"}
{"name": "__main__", "timestamp": "2025-05-19T01:13:16Z", "severity": "INFO", "filename": "launch2.py", "lineno": 163, "process": 13504, "message": "N\u00famero \u00fanico 5 n\u00e3o est\u00e1 no livro fiscal"}
{"name": "__main__", "timestamp": "2025-05-19T01:13:16Z", "severity": "INFO", "filename": "launch2.py", "lineno": 163, "process": 13504, "message": "N\u00famero \u00fanico 5 n\u00e3o est\u00e1 no livro fiscal"}
{"name": "__main__", "timestamp": "2025-05-19T01:13:16Z", "severity": "INFO", "filename": "launch2.py", "lineno": 163, "process": 13504, "message": "N\u00famero \u00fanico 1 n\u00e3o est\u00e1 no livro fiscal"}
{"name": "__main__", "timestamp": "2025-05-19T01:13:16Z", "severity": "INFO", "filename": "launch2.py", "lineno": 163, "process": 13504, "message": "N\u00famero \u00fanico 6 n\u00e3o est\u00e1 no livro fiscal"}
{"name": "__main__", "timestamp": "2025-05-19T01:13:16Z", "severity": "INFO", "filename": "launch2.py", "lineno": 163, "process": 13504, "message": "N\u00famero \u00fanico 9 n\u00e3o est\u00e1 no livro fiscal"}
{"name": "__main__", "timestamp": "2025-05-19T01:13:16Z", "severity": "INFO", "filename": "launch2.py", "lineno": 163, "process": 13504, "message": "N\u00famero \u00fanico 8 n\u00e3o est\u00e1 no livro fiscal"}
{"name": "__main__", "timestamp": "2025-05-19T01:13:16Z", "severity": "INFO", "filename": "launch2.py", "lineno": 163, "process": 13504, "message": "N\u00famero \u00fanico 1 n\u00e3o est\u00e1 no livro fiscal"}
{"name": "__main__", "timestamp": "2025-05-19T01:13:17Z", "severity": "INFO", "filename": "launch2.py", "lineno": 163, "process": 13504, "message": "N\u00famero \u00fanico 1 n\u00e3o est\u00e1 no livro fiscal"}
{"name": "__main__", "timestamp": "2025-05-19T01:13:17Z", "severity": "INFO", "filename": "launch2.py", "lineno": 163, "process": 13504, "message": "N\u00famero \u00fanico 1 n\u00e3o est\u00e1 no livro fiscal"}
{"name": "__main__", "timestamp": "2025-05-19T01:13:17Z", "severity": "INFO", "filename": "launch2.py", "lineno": 163, "process": 13504, "message": "N\u00famero \u00fanico 6 n\u00e3o est\u00e1 no livro fiscal"}
{"name": "__main__", "timestamp": "2025-05-19T01:13:17Z", "severity": "INFO", "filename": "launch2.py", "lineno": 163, "process": 13504, "message": "N\u00famero \u00fanico 9 n\u00e3o est\u00e1 no livro fiscal"}
{"name": "__main__", "timestamp": "2025-05-19T01:13:17Z", "severity": "INFO", "filename": "launch2.py", "lineno": 163, "process": 13504, "message": "N\u00famero \u00fanico 0 n\u00e3o est\u00e1 no livro fiscal"}
{"name": "__main__", "timestamp": "2025-05-19T01:13:17Z", "severity": "INFO", "filename": "launch2.py", "lineno": 163, "process": 13504, "message": "N\u00famero \u00fanico 0 n\u00e3o est\u00e1 no livro fiscal"}
{"name": "__main__", "timestamp": "2025-05-19T01:13:17Z", "severity": "INFO", "filename": "launch2.py", "lineno": 163, "process": 13504, "message": "N\u00famero \u00fanico 5 n\u00e3o est\u00e1 no livro fiscal"}
{"name": "__main__", "timestamp": "2025-05-19T01:13:17Z", "severity": "INFO", "filename": "launch2.py", "lineno": 163, "process": 13504, "message": "N\u00famero \u00fanico 1 n\u00e3o est\u00e1 no livro fiscal"}
{"name": "__main__", "timestamp": "2025-05-19T01:13:17Z", "severity": "INFO", "filename": "launch2.py", "lineno": 163, "process": 13504, "message": "N\u00famero \u00fanico 6 n\u00e3o est\u00e1 no livro fiscal"}
{"name": "__main__", "timestamp": "2025-05-19T01:13:17Z", "severity": "INFO", "filename": "launch2.py", "lineno": 163, "process": 13504, "message": "N\u00famero \u00fanico 9 n\u00e3o est\u00e1 no livro fiscal"}
{"name": "__main__", "timestamp": "2025-05-19T01:13:18Z", "severity": "INFO", "filename": "launch2.py", "lineno": 163, "process": 13504, "message": "N\u00famero \u00fanico 9 n\u00e3o est\u00e1 no livro fiscal"}
{"name": "__main__", "timestamp": "2025-05-19T01:13:18Z", "severity": "INFO", "filename": "launch2.py", "lineno": 163, "process": 13504, "message": "N\u00famero \u00fanico 0 n\u00e3o est\u00e1 no livro fiscal"}
{"name": "__main__", "timestamp": "2025-05-19T01:13:18Z", "severity": "INFO", "filename": "launch2.py", "lineno": 163, "process": 13504, "message": "N\u00famero \u00fanico 1 n\u00e3o est\u00e1 no livro fiscal"}
{"name": "__main__", "timestamp": "2025-05-19T01:13:18Z", "severity": "INFO", "filename": "launch2.py", "lineno": 163, "process": 13504, "message": "N\u00famero \u00fanico 1 n\u00e3o est\u00e1 no livro fiscal"}
{"name": "__main__", "timestamp": "2025-05-19T01:13:18Z", "severity": "INFO", "filename": "launch2.py", "lineno": 163, "process": 13504, "message": "N\u00famero \u00fanico 5 n\u00e3o est\u00e1 no livro fiscal"}
{"name": "__main__", "timestamp": "2025-05-19T01:13:18Z", "severity": "INFO", "filename": "launch2.py", "lineno": 163, "process": 13504, "message": "N\u00famero \u00fanico 6 n\u00e3o est\u00e1 no livro fiscal"}
{"name": "__main__", "timestamp": "2025-05-19T01:13:18Z", "severity": "INFO", "filename": "launch2.py", "lineno": 163, "process": 13504, "message": "N\u00famero \u00fanico 7 n\u00e3o est\u00e1 no livro fiscal"}
{"name": "__main__", "timestamp": "2025-05-19T01:13:18Z", "severity": "INFO", "filename": "launch2.py", "lineno": 163, "process": 13504, "message": "N\u00famero \u00fanico 6 n\u00e3o est\u00e1 no livro fiscal"}
{"name": "__main__", "timestamp": "2025-05-19T01:13:18Z", "severity": "INFO", "filename": "launch2.py", "lineno": 163, "process": 13504, "message": "N\u00famero \u00fanico 1 n\u00e3o est\u00e1 no livro fiscal"}
{"name": "__main__", "timestamp": "2025-05-19T01:13:18Z", "severity": "INFO", "filename": "launch2.py", "lineno": 163, "process": 13504, "message": "N\u00famero \u00fanico 0 n\u00e3o est\u00e1 no livro fiscal"}
{"name": "__main__", "timestamp": "2025-05-19T01:13:18Z", "severity": "INFO", "filename": "launch2.py", "lineno": 163, "process": 13504, "message": "N\u00famero \u00fanico 0 n\u00e3o est\u00e1 no livro fiscal"}
{"name": "__main__", "timestamp": "2025-05-19T01:13:18Z", "severity": "INFO", "filename": "launch2.py", "lineno": 163, "process": 13504, "message": "N\u00famero \u00fanico 4 n\u00e3o est\u00e1 no livro fiscal"}
{"name": "__main__", "timestamp": "2025-05-19T01:13:19Z", "severity": "INFO", "filename": "launch2.py", "lineno": 163, "process": 13504, "message": "N\u00famero \u00fanico 2 n\u00e3o est\u00e1 no livro fiscal"}
{"name": "__main__", "timestamp": "2025-05-19T01:13:19Z", "severity": "INFO", "filename": "launch2.py", "lineno": 163, "process": 13504, "message": "N\u00famero \u00fanico 8 n\u00e3o est\u00e1 no livro fiscal"}
{"name": "__main__", "timestamp": "2025-05-19T01:13:19Z", "severity": "INFO", "filename": "launch2.py", "lineno": 163, "process": 13504, "message": "N\u00famero \u00fanico 3 n\u00e3o est\u00e1 no livro fiscal"}
{"name": "__main__", "timestamp": "2025-05-19T01:13:19Z", "severity": "INFO", "filename": "launch2.py", "lineno": 163, "process": 13504, "message": "N\u00famero \u00fanico 0 n\u00e3o est\u00e1 no livro fiscal"}
{"name": "__main__", "timestamp": "2025-05-19T01:13:19Z", "severity": "INFO", "filename": "launch2.py", "lineno": 163, "process": 13504, "message": "N\u00famero \u00fanico 7 n\u00e3o est\u00e1 no livro fiscal"}
{"name": "__main__", "timestamp": "2025-05-19T01:13:19Z", "severity": "INFO", "filename": "launch2.py", "lineno": 163, "process": 13504, "message": "N\u00famero \u00fanico 0 n\u00e3o est\u00e1 no livro fiscal"}
{"name": "__main__", "timestamp": "2025-05-19T01:13:19Z", "severity": "INFO", "filename": "launch2.py", "lineno": 163, "process": 13504, "message": "N\u00famero \u00fanico 0 n\u00e3o est\u00e1 no livro fiscal"}
{"name": "__main__", "timestamp": "2025-05-19T01:13:19Z", "severity": "INFO", "filename": "launch2.py", "lineno": 163, "process": 13504, "message": "N\u00famero \u00fanico 2 n\u00e3o est\u00e1 no livro fiscal"}
{"name": "__main__", "timestamp": "2025-05-19T01:13:19Z", "severity": "INFO", "filename": "launch2.py", "lineno": 163, "process": 13504, "message": "N\u00famero \u00fanico 6 n\u00e3o est\u00e1 no livro fiscal"}
{"name": "__main__", "timestamp": "2025-05-19T01:13:19Z", "severity": "INFO", "filename": "launch2.py", "lineno": 163, "process": 13504, "message": "N\u00famero \u00fanico 4 n\u00e3o est\u00e1 no livro fiscal"}
{"name": "__main__", "timestamp": "2025-05-19T01:13:19Z", "severity": "INFO", "filename": "launch2.py", "lineno": 163, "process": 13504, "message": "N\u00famero \u00fanico 6 n\u00e3o est\u00e1 no livro fiscal"}
{"name": "__main__", "timestamp": "2025-05-19T01:13:19Z", "severity": "INFO", "filename": "launch2.py", "lineno": 163, "process": 13504, "message": "N\u00famero \u00fanico 1 n\u00e3o est\u00e1 no livro fiscal"}
{"name": "__main__", "timestamp": "2025-05-19T01:13:20Z", "severity": "INFO", "filename": "launch2.py", "lineno": 163, "process": 13504, "message": "N\u00famero \u00fanico 6 n\u00e3o est\u00e1 no livro fiscal"}
{"name": "__main__", "timestamp": "2025-05-19T01:13:20Z", "severity": "INFO", "filename": "launch2.py", "lineno": 163, "process": 13504, "message": "N\u00famero \u00fanico 8 n\u00e3o est\u00e1 no livro fiscal"}
{"name": "__main__", "timestamp": "2025-05-19T01:13:20Z", "severity": "INFO", "filename": "launch2.py", "lineno": 163, "process": 13504, "message": "N\u00famero \u00fanico 2 n\u00e3o est\u00e1 no livro fiscal"}
{"name": "__main__", "timestamp": "2025-05-19T01:13:20Z", "severity": "INFO", "filename": "launch2.py", "lineno": 163, "process": 13504, "message": "N\u00famero \u00fanico 5 n\u00e3o est\u00e1 no livro fiscal"}
{"name": "__main__", "timestamp": "2025-05-19T01:13:20Z", "severity": "INFO", "filename": "launch2.py", "lineno": 163, "process": 13504, "message": "N\u00famero \u00fanico 7 n\u00e3o est\u00e1 no livro fiscal"}
{"name": "__main__", "timestamp": "2025-05-19T01:13:20Z", "severity": "INFO", "filename": "launch2.py", "lineno": 163, "process": 13504, "message": "N\u00famero \u00fanico 1 n\u00e3o est\u00e1 no livro fiscal"}
{"name": "__main__", "timestamp": "2025-05-19T01:13:20Z", "severity": "INFO", "filename": "launch2.py", "lineno": 163, "process": 13504, "message": "N\u00famero \u00fanico 6 n\u00e3o est\u00e1 no livro fiscal"}
{"name": "__main__", "timestamp": "2025-05-19T01:13:20Z", "severity": "INFO", "filename": "launch2.py", "lineno": 163, "process": 13504, "message": "N\u00famero \u00fanico 5 n\u00e3o est\u00e1 no livro fiscal"}
{"name": "__main__", "timestamp": "2025-05-19T01:13:20Z", "severity": "INFO", "filename": "launch2.py", "lineno": 163, "process": 13504, "message": "N\u00famero \u00fanico 8 n\u00e3o est\u00e1 no livro fiscal"}
{"name": "__main__", "timestamp": "2025-05-19T01:13:20Z", "severity": "INFO", "filename": "launch2.py", "lineno": 163, "process": 13504, "message": "N\u00famero \u00fanico 9 n\u00e3o est\u00e1 no livro fiscal"}
{"name": "__main__", "timestamp": "2025-05-19T01:13:20Z", "severity": "INFO", "filename": "launch2.py", "lineno": 163, "process": 13504, "message": "N\u00famero \u00fanico 4 n\u00e3o est\u00e1 no livro fiscal"}
{"name": "__main__", "timestamp": "2025-05-19T01:13:20Z", "severity": "INFO", "filename": "launch2.py", "lineno": 163, "process": 13504, "message": "N\u00famero \u00fanico 1 n\u00e3o est\u00e1 no livro fiscal"}
{"name": "__main__", "timestamp": "2025-05-19T01:13:20Z", "severity": "INFO", "filename": "launch2.py", "lineno": 163, "process": 13504, "message": "N\u00famero \u00fanico 6 n\u00e3o est\u00e1 no livro fiscal"}
{"name": "__main__", "timestamp": "2025-05-19T01:13:21Z", "severity": "INFO", "filename": "launch2.py", "lineno": 163, "process": 13504, "message": "N\u00famero \u00fanico 5 n\u00e3o est\u00e1 no livro fiscal"}
{"name": "__main__", "timestamp": "2025-05-19T01:13:21Z", "severity": "INFO", "filename": "launch2.py", "lineno": 163, "process": 13504, "message": "N\u00famero \u00fanico 9 n\u00e3o est\u00e1 no livro fiscal"}
{"name": "__main__", "timestamp": "2025-05-19T01:13:21Z", "severity": "INFO", "filename": "launch2.py", "lineno": 163, "process": 13504, "message": "N\u00famero \u00fanico 9 n\u00e3o est\u00e1 no livro fiscal"}
{"name": "__main__", "timestamp": "2025-05-19T01:13:21Z", "severity": "INFO", "filename": "launch2.py", "lineno": 163, "process": 13504, "message": "N\u00famero \u00fanico 9 n\u00e3o est\u00e1 no livro fiscal"}
{"name": "__main__", "timestamp": "2025-05-19T01:13:21Z", "severity": "INFO", "filename": "launch2.py", "lineno": 163, "process": 13504, "message": "N\u00famero \u00fanico 1 n\u00e3o est\u00e1 no livro fiscal"}
{"name": "__main__", "timestamp": "2025-05-19T01:13:21Z", "severity": "INFO", "filename": "launch2.py", "lineno": 163, "process": 13504, "message": "N\u00famero \u00fanico 6 n\u00e3o est\u00e1 no livro fiscal"}
{"name": "__main__", "timestamp": "2025-05-19T01:13:21Z", "severity": "INFO", "filename": "launch2.py", "lineno": 163, "process": 13504, "message": "N\u00famero \u00fanico 6 n\u00e3o est\u00e1 no livro fiscal"}
{"name": "__main__", "timestamp": "2025-05-19T01:13:21Z", "severity": "INFO", "filename": "launch2.py", "lineno": 163, "process": 13504, "message": "N\u00famero \u00fanico 0 n\u00e3o est\u00e1 no livro fiscal"}
{"name": "__main__", "timestamp": "2025-05-19T01:13:21Z", "severity": "INFO", "filename": "launch2.py", "lineno": 163, "process": 13504, "message": "N\u00famero \u00fanico 5 n\u00e3o est\u00e1 no livro fiscal"}
{"name": "__main__", "timestamp": "2025-05-19T01:13:21Z", "severity": "INFO", "filename": "launch2.py", "lineno": 163, "process": 13504, "message": "N\u00famero \u00fanico 1 n\u00e3o est\u00e1 no livro fiscal"}
{"name": "__main__", "timestamp": "2025-05-19T01:13:21Z", "severity": "INFO", "filename": "launch2.py", "lineno": 163, "process": 13504, "message": "N\u00famero \u00fanico 1 n\u00e3o est\u00e1 no livro fiscal"}
{"name": "__main__", "timestamp": "2025-05-19T01:13:22Z", "severity": "INFO", "filename": "launch2.py", "lineno": 163, "process": 13504, "message": "N\u00famero \u00fanico 6 n\u00e3o est\u00e1 no livro fiscal"}
{"name": "__main__", "timestamp": "2025-05-19T01:13:22Z", "severity": "INFO", "filename": "launch2.py", "lineno": 163, "process": 13504, "message": "N\u00famero \u00fanico 5 n\u00e3o est\u00e1 no livro fiscal"}
{"name": "__main__", "timestamp": "2025-05-19T01:13:22Z", "severity": "INFO", "filename": "launch2.py", "lineno": 163, "process": 13504, "message": "N\u00famero \u00fanico 9 n\u00e3o est\u00e1 no livro fiscal"}
{"name": "__main__", "timestamp": "2025-05-19T01:13:22Z", "severity": "INFO", "filename": "launch2.py", "lineno": 163, "process": 13504, "message": "N\u00famero \u00fanico 8 n\u00e3o est\u00e1 no livro fiscal"}
{"name": "__main__", "timestamp": "2025-05-19T01:13:22Z", "severity": "INFO", "filename": "launch2.py", "lineno": 163, "process": 13504, "message": "N\u00famero \u00fanico 7 n\u00e3o est\u00e1 no livro fiscal"}
{"name": "__main__", "timestamp": "2025-05-19T01:13:22Z", "severity": "INFO", "filename": "launch2.py", "lineno": 163, "process": 13504, "message": "N\u00famero \u00fanico 1 n\u00e3o est\u00e1 no livro fiscal"}
{"name": "__main__", "timestamp": "2025-05-19T01:13:23Z", "severity": "INFO", "filename": "launch2.py", "lineno": 163, "process": 13504, "message": "N\u00famero \u00fanico 6 n\u00e3o est\u00e1 no livro fiscal"}
{"name": "__main__", "timestamp": "2025-05-19T01:13:23Z", "severity": "INFO", "filename": "launch2.py", "lineno": 163, "process": 13504, "message": "N\u00famero \u00fanico 8 n\u00e3o est\u00e1 no livro fiscal"}
{"name": "__main__", "timestamp": "2025-05-19T01:13:23Z", "severity": "INFO", "filename": "launch2.py", "lineno": 163, "process": 13504, "message": "N\u00famero \u00fanico 9 n\u00e3o est\u00e1 no livro fiscal"}
{"name": "__main__", "timestamp": "2025-05-19T01:13:23Z", "severity": "INFO", "filename": "launch2.py", "lineno": 163, "process": 13504, "message": "N\u00famero \u00fanico 1 n\u00e3o est\u00e1 no livro fiscal"}
{"name": "__main__", "timestamp": "2025-05-19T01:13:23Z", "severity": "INFO", "filename": "launch2.py", "lineno": 163, "process": 13504, "message": "N\u00famero \u00fanico 1 n\u00e3o est\u00e1 no livro fiscal"}
{"name": "__main__", "timestamp": "2025-05-19T01:13:23Z", "severity": "INFO", "filename": "launch2.py", "lineno": 163, "process": 13504, "message": "N\u00famero \u00fanico 1 n\u00e3o est\u00e1 no livro fiscal"}
{"name": "__main__", "timestamp": "2025-05-19T01:13:23Z", "severity": "INFO", "filename": "launch2.py", "lineno": 163, "process": 13504, "message": "N\u00famero \u00fanico 6 n\u00e3o est\u00e1 no livro fiscal"}
{"name": "__main__", "timestamp": "2025-05-19T01:13:23Z", "severity": "INFO", "filename": "launch2.py", "lineno": 163, "process": 13504, "message": "N\u00famero \u00fanico 6 n\u00e3o est\u00e1 no livro fiscal"}
{"name": "__main__", "timestamp": "2025-05-19T01:13:23Z", "severity": "INFO", "filename": "launch2.py", "lineno": 163, "process": 13504, "message": "N\u00famero \u00fanico 3 n\u00e3o est\u00e1 no livro fiscal"}
{"name": "__main__", "timestamp": "2025-05-19T01:13:23Z", "severity": "INFO", "filename": "launch2.py", "lineno": 163, "process": 13504, "message": "N\u00famero \u00fanico 3 n\u00e3o est\u00e1 no livro fiscal"}
{"name": "__main__", "timestamp": "2025-05-19T01:13:24Z", "severity": "INFO", "filename": "launch2.py", "lineno": 163, "process": 13504, "message": "N\u00famero \u00fanico 4 n\u00e3o est\u00e1 no livro fiscal"}
{"name": "__main__", "timestamp": "2025-05-19T01:13:24Z", "severity": "INFO", "filename": "launch2.py", "lineno": 163, "process": 13504, "message": "N\u00famero \u00fanico 1 n\u00e3o est\u00e1 no livro fiscal"}
{"name": "__main__", "timestamp": "2025-05-19T01:13:24Z", "severity": "INFO", "filename": "launch2.py", "lineno": 163, "process": 13504, "message": "N\u00famero \u00fanico 6 n\u00e3o est\u00e1 no livro fiscal"}
{"name": "__main__", "timestamp": "2025-05-19T01:13:24Z", "severity": "INFO", "filename": "launch2.py", "lineno": 163, "process": 13504, "message": "N\u00famero \u00fanico 9 n\u00e3o est\u00e1 no livro fiscal"}
{"name": "__main__", "timestamp": "2025-05-19T01:13:24Z", "severity": "INFO", "filename": "launch2.py", "lineno": 163, "process": 13504, "message": "N\u00famero \u00fanico 9 n\u00e3o est\u00e1 no livro fiscal"}
{"name": "__main__", "timestamp": "2025-05-19T01:13:24Z", "severity": "INFO", "filename": "launch2.py", "lineno": 163, "process": 13504, "message": "N\u00famero \u00fanico 8 n\u00e3o est\u00e1 no livro fiscal"}
{"name": "__main__", "timestamp": "2025-05-19T01:13:24Z", "severity": "INFO", "filename": "launch2.py", "lineno": 163, "process": 13504, "message": "N\u00famero \u00fanico 5 n\u00e3o est\u00e1 no livro fiscal"}
{"name": "__main__", "timestamp": "2025-05-19T01:13:24Z", "severity": "INFO", "filename": "launch2.py", "lineno": 163, "process": 13504, "message": "N\u00famero \u00fanico 1 n\u00e3o est\u00e1 no livro fiscal"}
{"name": "__main__", "timestamp": "2025-05-19T01:13:24Z", "severity": "INFO", "filename": "launch2.py", "lineno": 163, "process": 13504, "message": "N\u00famero \u00fanico 6 n\u00e3o est\u00e1 no livro fiscal"}
{"name": "__main__", "timestamp": "2025-05-19T01:13:24Z", "severity": "INFO", "filename": "launch2.py", "lineno": 163, "process": 13504, "message": "N\u00famero \u00fanico 8 n\u00e3o est\u00e1 no livro fiscal"}
{"name": "__main__", "timestamp": "2025-05-19T01:13:24Z", "severity": "INFO", "filename": "launch2.py", "lineno": 163, "process": 13504, "message": "N\u00famero \u00fanico 5 n\u00e3o est\u00e1 no livro fiscal"}
{"name": "__main__", "timestamp": "2025-05-19T01:13:24Z", "severity": "INFO", "filename": "launch2.py", "lineno": 163, "process": 13504, "message": "N\u00famero \u00fanico 3 n\u00e3o est\u00e1 no livro fiscal"}
{"name": "__main__", "timestamp": "2025-05-19T01:13:25Z", "severity": "INFO", "filename": "launch2.py", "lineno": 163, "process": 13504, "message": "N\u00famero \u00fanico 6 n\u00e3o est\u00e1 no livro fiscal"}
{"name": "__main__", "timestamp": "2025-05-19T01:13:25Z", "severity": "INFO", "filename": "launch2.py", "lineno": 163, "process": 13504, "message": "N\u00famero \u00fanico 1 n\u00e3o est\u00e1 no livro fiscal"}
{"name": "__main__", "timestamp": "2025-05-19T01:13:25Z", "severity": "INFO", "filename": "launch2.py", "lineno": 163, "process": 13504, "message": "N\u00famero \u00fanico 6 n\u00e3o est\u00e1 no livro fiscal"}
{"name": "__main__", "timestamp": "2025-05-19T01:13:25Z", "severity": "INFO", "filename": "launch2.py", "lineno": 163, "process": 13504, "message": "N\u00famero \u00fanico 9 n\u00e3o est\u00e1 no livro fiscal"}
{"name": "__main__", "timestamp": "2025-05-19T01:13:25Z", "severity": "INFO", "filename": "launch2.py", "lineno": 163, "process": 13504, "message": "N\u00famero \u00fanico 3 n\u00e3o est\u00e1 no livro fiscal"}
{"name": "__main__", "timestamp": "2025-05-19T01:13:25Z", "severity": "INFO", "filename": "launch2.py", "lineno": 163, "process": 13504, "message": "N\u00famero \u00fanico 0 n\u00e3o est\u00e1 no livro fiscal"}
{"name": "__main__", "timestamp": "2025-05-19T01:13:25Z", "severity": "INFO", "filename": "launch2.py", "lineno": 163, "process": 13504, "message": "N\u00famero \u00fanico 5 n\u00e3o est\u00e1 no livro fiscal"}
{"name": "__main__", "timestamp": "2025-05-19T01:13:25Z", "severity": "INFO", "filename": "launch2.py", "lineno": 163, "process": 13504, "message": "N\u00famero \u00fanico 1 n\u00e3o est\u00e1 no livro fiscal"}
{"name": "__main__", "timestamp": "2025-05-19T01:13:25Z", "severity": "INFO", "filename": "launch2.py", "lineno": 163, "process": 13504, "message": "N\u00famero \u00fanico 6 n\u00e3o est\u00e1 no livro fiscal"}
{"name": "__main__", "timestamp": "2025-05-19T01:13:25Z", "severity": "INFO", "filename": "launch2.py", "lineno": 163, "process": 13504, "message": "N\u00famero \u00fanico 9 n\u00e3o est\u00e1 no livro fiscal"}
{"name": "__main__", "timestamp": "2025-05-19T01:13:25Z", "severity": "INFO", "filename": "launch2.py", "lineno": 163, "process": 13504, "message": "N\u00famero \u00fanico 3 n\u00e3o est\u00e1 no livro fiscal"}
{"name": "__main__", "timestamp": "2025-05-19T01:13:25Z", "severity": "INFO", "filename": "launch2.py", "lineno": 163, "process": 13504, "message": "N\u00famero \u00fanico 1 n\u00e3o est\u00e1 no livro fiscal"}
{"name": "__main__", "timestamp": "2025-05-19T01:13:26Z", "severity": "INFO", "filename": "launch2.py", "lineno": 163, "process": 13504, "message": "N\u00famero \u00fanico 0 n\u00e3o est\u00e1 no livro fiscal"}
{"name": "__main__", "timestamp": "2025-05-19T01:13:26Z", "severity": "INFO", "filename": "launch2.py", "lineno": 163, "process": 13504, "message": "N\u00famero \u00fanico 1 n\u00e3o est\u00e1 no livro fiscal"}
{"name": "__main__", "timestamp": "2025-05-19T01:13:26Z", "severity": "INFO", "filename": "launch2.py", "lineno": 163, "process": 13504, "message": "N\u00famero \u00fanico 6 n\u00e3o est\u00e1 no livro fiscal"}
{"name": "__main__", "timestamp": "2025-05-19T01:13:26Z", "severity": "INFO", "filename": "launch2.py", "lineno": 163, "process": 13504, "message": "N\u00famero \u00fanico 8 n\u00e3o est\u00e1 no livro fiscal"}
{"name": "__main__", "timestamp": "2025-05-19T01:13:26Z", "severity": "INFO", "filename": "launch2.py", "lineno": 163, "process": 13504, "message": "N\u00famero \u00fanico 0 n\u00e3o est\u00e1 no livro fiscal"}
{"name": "__main__", "timestamp": "2025-05-19T01:13:26Z", "severity": "INFO", "filename": "launch2.py", "lineno": 163, "process": 13504, "message": "N\u00famero \u00fanico 5 n\u00e3o est\u00e1 no livro fiscal"}
{"name": "__main__", "timestamp": "2025-05-19T01:13:26Z", "severity": "INFO", "filename": "launch2.py", "lineno": 163, "process": 13504, "message": "N\u00famero \u00fanico 5 n\u00e3o est\u00e1 no livro fiscal"}
{"name": "__main__", "timestamp": "2025-05-19T01:13:26Z", "severity": "INFO", "filename": "launch2.py", "lineno": 163, "process": 13504, "message": "N\u00famero \u00fanico 1 n\u00e3o est\u00e1 no livro fiscal"}
{"name": "__main__", "timestamp": "2025-05-19T01:13:26Z", "severity": "INFO", "filename": "launch2.py", "lineno": 163, "process": 13504, "message": "N\u00famero \u00fanico 6 n\u00e3o est\u00e1 no livro fiscal"}
{"name": "__main__", "timestamp": "2025-05-19T01:13:26Z", "severity": "INFO", "filename": "launch2.py", "lineno": 163, "process": 13504, "message": "N\u00famero \u00fanico 7 n\u00e3o est\u00e1 no livro fiscal"}
{"name": "__main__", "timestamp": "2025-05-19T01:13:26Z", "severity": "INFO", "filename": "launch2.py", "lineno": 163, "process": 13504, "message": "N\u00famero \u00fanico 9 n\u00e3o est\u00e1 no livro fiscal"}
{"name": "__main__", "timestamp": "2025-05-19T01:13:26Z", "severity": "INFO", "filename": "launch2.py", "lineno": 163, "process": 13504, "message": "N\u00famero \u00fanico 6 n\u00e3o est\u00e1 no livro fiscal"}
{"name": "__main__", "timestamp": "2025-05-19T01:13:27Z", "severity": "INFO", "filename": "launch2.py", "lineno": 163, "process": 13504, "message": "N\u00famero \u00fanico 5 n\u00e3o est\u00e1 no livro fiscal"}
{"name": "__main__", "timestamp": "2025-05-19T01:13:27Z", "severity": "INFO", "filename": "launch2.py", "lineno": 163, "process": 13504, "message": "N\u00famero \u00fanico 1 n\u00e3o est\u00e1 no livro fiscal"}
{"name": "__main__", "timestamp": "2025-05-19T01:13:27Z", "severity": "INFO", "filename": "launch2.py", "lineno": 163, "process": 13504, "message": "N\u00famero \u00fanico 6 n\u00e3o est\u00e1 no livro fiscal"}
{"name": "__main__", "timestamp": "2025-05-19T01:13:27Z", "severity": "INFO", "filename": "launch2.py", "lineno": 163, "process": 13504, "message": "N\u00famero \u00fanico 9 n\u00e3o est\u00e1 no livro fiscal"}
{"name": "__main__", "timestamp": "2025-05-19T01:13:27Z", "severity": "INFO", "filename": "launch2.py", "lineno": 163, "process": 13504, "message": "N\u00famero \u00fanico 3 n\u00e3o est\u00e1 no livro fiscal"}
{"name": "__main__", "timestamp": "2025-05-19T01:13:27Z", "severity": "INFO", "filename": "launch2.py", "lineno": 163, "process": 13504, "message": "N\u00famero \u00fanico 2 n\u00e3o est\u00e1 no livro fiscal"}
{"name": "__main__", "timestamp": "2025-05-19T01:13:27Z", "severity": "INFO", "filename": "launch2.py", "lineno": 163, "process": 13504, "message": "N\u00famero \u00fanico 8 n\u00e3o est\u00e1 no livro fiscal"}
{"name": "__main__", "timestamp": "2025-05-19T01:13:27Z", "severity": "INFO", "filename": "launch2.py", "lineno": 163, "process": 13504, "message": "N\u00famero \u00fanico 1 n\u00e3o est\u00e1 no livro fiscal"}
{"name": "__main__", "timestamp": "2025-05-19T01:13:27Z", "severity": "INFO", "filename": "launch2.py", "lineno": 163, "process": 13504, "message": "N\u00famero \u00fanico 6 n\u00e3o est\u00e1 no livro fiscal"}
{"name": "__main__", "timestamp": "2025-05-19T01:13:27Z", "severity": "INFO", "filename": "launch2.py", "lineno": 163, "process": 13504, "message": "N\u00famero \u00fanico 9 n\u00e3o est\u00e1 no livro fiscal"}
{"name": "__main__", "timestamp": "2025-05-19T01:13:27Z", "severity": "INFO", "filename": "launch2.py", "lineno": 163, "process": 13504, "message": "N\u00famero \u00fanico 4 n\u00e3o est\u00e1 no livro fiscal"}
{"name": "__main__", "timestamp": "2025-05-19T01:13:27Z", "severity": "INFO", "filename": "launch2.py", "lineno": 163, "process": 13504, "message": "N\u00famero \u00fanico 5 n\u00e3o est\u00e1 no livro fiscal"}
{"name": "__main__", "timestamp": "2025-05-19T01:13:27Z", "severity": "INFO", "filename": "launch2.py", "lineno": 163, "process": 13504, "message": "N\u00famero \u00fanico 4 n\u00e3o est\u00e1 no livro fiscal"}
{"name": "__main__", "timestamp": "2025-05-19T01:13:28Z", "severity": "INFO", "filename": "launch2.py", "lineno": 163, "process": 13504, "message": "N\u00famero \u00fanico 1 n\u00e3o est\u00e1 no livro fiscal"}
{"name": "__main__", "timestamp": "2025-05-19T01:13:28Z", "severity": "INFO", "filename": "launch2.py", "lineno": 163, "process": 13504, "message": "N\u00famero \u00fanico 6 n\u00e3o est\u00e1 no livro fiscal"}
{"name": "__main__", "timestamp": "2025-05-19T01:13:28Z", "severity": "INFO", "filename": "launch2.py", "lineno": 163, "process": 13504, "message": "N\u00famero \u00fanico 6 n\u00e3o est\u00e1 no livro fiscal"}
{"name": "__main__", "timestamp": "2025-05-19T01:13:28Z", "severity": "INFO", "filename": "launch2.py", "lineno": 163, "process": 13504, "message": "N\u00famero \u00fanico 0 n\u00e3o est\u00e1 no livro fiscal"}
{"name": "__main__", "timestamp": "2025-05-19T01:13:28Z", "severity": "INFO", "filename": "launch2.py", "lineno": 163, "process": 13504, "message": "N\u00famero \u00fanico 2 n\u00e3o est\u00e1 no livro fiscal"}
{"name": "__main__", "timestamp": "2025-05-19T01:13:28Z", "severity": "INFO", "filename": "launch2.py", "lineno": 163, "process": 13504, "message": "N\u00famero \u00fanico 6 n\u00e3o est\u00e1 no livro fiscal"}
{"name": "__main__", "timestamp": "2025-05-19T01:13:28Z", "severity": "INFO", "filename": "launch2.py", "lineno": 163, "process": 13504, "message": "N\u00famero \u00fanico 1 n\u00e3o est\u00e1 no livro fiscal"}
{"name": "__main__", "timestamp": "2025-05-19T01:13:28Z", "severity": "INFO", "filename": "launch2.py", "lineno": 163, "process": 13504, "message": "N\u00famero \u00fanico 6 n\u00e3o est\u00e1 no livro fiscal"}
{"name": "__main__", "timestamp": "2025-05-19T01:13:28Z", "severity": "INFO", "filename": "launch2.py", "lineno": 163, "process": 13504, "message": "N\u00famero \u00fanico 5 n\u00e3o est\u00e1 no livro fiscal"}
{"name": "__main__", "timestamp": "2025-05-19T01:13:28Z", "severity": "INFO", "filename": "launch2.py", "lineno": 163, "process": 13504, "message": "N\u00famero \u00fanico 9 n\u00e3o est\u00e1 no livro fiscal"}
{"name": "__main__", "timestamp": "2025-05-19T01:13:28Z", "severity": "INFO", "filename": "launch2.py", "lineno": 163, "process": 13504, "message": "N\u00famero \u00fanico 1 n\u00e3o est\u00e1 no livro fiscal"}
{"name": "__main__", "timestamp": "2025-05-19T01:13:28Z", "severity": "INFO", "filename": "launch2.py", "lineno": 163, "process": 13504, "message": "N\u00famero \u00fanico 8 n\u00e3o est\u00e1 no livro fiscal"}
{"name": "__main__", "timestamp": "2025-05-19T01:13:29Z", "severity": "INFO", "filename": "launch2.py", "lineno": 163, "process": 13504, "message": "N\u00famero \u00fanico 1 n\u00e3o est\u00e1 no livro fiscal"}
{"name": "__main__", "timestamp": "2025-05-19T01:13:29Z", "severity": "INFO", "filename": "launch2.py", "lineno": 163, "process": 13504, "message": "N\u00famero \u00fanico 6 n\u00e3o est\u00e1 no livro fiscal"}
{"name": "__main__", "timestamp": "2025-05-19T01:13:29Z", "severity": "INFO", "filename": "launch2.py", "lineno": 163, "process": 13504, "message": "N\u00famero \u00fanico 5 n\u00e3o est\u00e1 no livro fiscal"}
{"name": "__main__", "timestamp": "2025-05-19T01:13:29Z", "severity": "INFO", "filename": "launch2.py", "lineno": 163, "process": 13504, "message": "N\u00famero \u00fanico 9 n\u00e3o est\u00e1 no livro fiscal"}
{"name": "__main__", "timestamp": "2025-05-19T01:13:29Z", "severity": "INFO", "filename": "launch2.py", "lineno": 163, "process": 13504, "message": "N\u00famero \u00fanico 1 n\u00e3o est\u00e1 no livro fiscal"}
{"name": "__main__", "timestamp": "2025-05-19T01:13:29Z", "severity": "INFO", "filename": "launch2.py", "lineno": 163, "process": 13504, "message": "N\u00famero \u00fanico 7 n\u00e3o est\u00e1 no livro fiscal"}
{"name": "__main__", "timestamp": "2025-05-19T01:13:29Z", "severity": "INFO", "filename": "launch2.py", "lineno": 163, "process": 13504, "message": "N\u00famero \u00fanico 1 n\u00e3o est\u00e1 no livro fiscal"}
{"name": "__main__", "timestamp": "2025-05-19T01:13:29Z", "severity": "INFO", "filename": "launch2.py", "lineno": 163, "process": 13504, "message": "N\u00famero \u00fanico 6 n\u00e3o est\u00e1 no livro fiscal"}
{"name": "__main__", "timestamp": "2025-05-19T01:13:29Z", "severity": "INFO", "filename": "launch2.py", "lineno": 163, "process": 13504, "message": "N\u00famero \u00fanico 5 n\u00e3o est\u00e1 no livro fiscal"}
{"name": "__main__", "timestamp": "2025-05-19T01:13:29Z", "severity": "INFO", "filename": "launch2.py", "lineno": 163, "process": 13504, "message": "N\u00famero \u00fanico 8 n\u00e3o est\u00e1 no livro fiscal"}
{"name": "src.utils.snk_requester", "timestamp": "2025-05-19T01:14:45Z", "severity": "ERROR", "filename": "snk_requester.py", "lineno": 97, "process": 12272, "message": "Erro no servi\u00e7o ImportacaoXMLNotasSP.processarArquivo: status=0, message=N\u00e3o \u00e9 poss\u00edvel processar esta importa\u00e7\u00e3o, pois ela n\u00e3o possui XML."}
{"name": "__main__", "timestamp": "2025-05-19T01:14:45Z", "severity": "WARNING", "filename": "launch2.py", "lineno": 144, "process": 12272, "message": "N\u00e3o tem aviso de importa\u00e7\u00e3o \n MSG: {'serviceName': 'ImportacaoXMLNotasSP.processarArquivo', 'status': '0', 'pendingPrinting': 'false', 'transactionId': 'DCE47971B15B25BB01FCA1C2CC1986A2', 'tsError': {'tsErrorCode': 'CORE_E00237', 'tsErrorLevel': 'ERROR'}, 'statusMessage': 'N\u00e3o \u00e9 poss\u00edvel processar esta importa\u00e7\u00e3o, pois ela n\u00e3o possui XML.'}"}
{"name": "src.utils.snk_requester", "timestamp": "2025-05-19T01:14:47Z", "severity": "ERROR", "filename": "snk_requester.py", "lineno": 97, "process": 12272, "message": "Erro no servi\u00e7o ImportacaoXMLNotasSP.processarArquivo: status=0, message=ORA-20101: Nota j\u00e1 foi gerada no Livro Fiscal de ICMS/IPI, n\u00e3o pode ser alterada. Nota de Nro \u00danico: 165987\nORA-06512: em \"SANKHYA.TRG_UPD_TGFCAB\", line 979\nORA-04088: erro durante a execu\u00e7\u00e3o do gatilho 'SANKHYA.TRG_UPD_TGFCAB'"}
{"name": "src.utils.snk_requester", "timestamp": "2025-05-19T01:14:48Z", "severity": "ERROR", "filename": "snk_requester.py", "lineno": 97, "process": 12272, "message": "Erro no servi\u00e7o ImportacaoXMLNotasSP.processarArquivo: status=0, message=ORA-20101: Nota j\u00e1 foi gerada no Livro Fiscal de ICMS/IPI, n\u00e3o pode ser alterada. Nota de Nro \u00danico: 166334\nORA-06512: em \"SANKHYA.TRG_UPD_TGFCAB\", line 979\nORA-04088: erro durante a execu\u00e7\u00e3o do gatilho 'SANKHYA.TRG_UPD_TGFCAB'"}
{"name": "__main__", "timestamp": "2025-05-19T01:15:01Z", "severity": "INFO", "filename": "launch2.py", "lineno": 163, "process": 12272, "message": "N\u00famero \u00fanico 00428307002646 n\u00e3o est\u00e1 no livro fiscal"}
{"name": "__main__", "timestamp": "2025-05-19T01:15:02Z", "severity": "INFO", "filename": "launch2.py", "lineno": 163, "process": 12272, "message": "N\u00famero \u00fanico 1 n\u00e3o est\u00e1 no livro fiscal"}
{"name": "__main__", "timestamp": "2025-05-19T01:15:02Z", "severity": "INFO", "filename": "launch2.py", "lineno": 163, "process": 12272, "message": "N\u00famero \u00fanico 6 n\u00e3o est\u00e1 no livro fiscal"}
{"name": "__main__", "timestamp": "2025-05-19T01:15:02Z", "severity": "INFO", "filename": "launch2.py", "lineno": 163, "process": 12272, "message": "N\u00famero \u00fanico 5 n\u00e3o est\u00e1 no livro fiscal"}
{"name": "__main__", "timestamp": "2025-05-19T01:15:02Z", "severity": "INFO", "filename": "launch2.py", "lineno": 163, "process": 12272, "message": "N\u00famero \u00fanico 9 n\u00e3o est\u00e1 no livro fiscal"}
{"name": "__main__", "timestamp": "2025-05-19T01:15:02Z", "severity": "INFO", "filename": "launch2.py", "lineno": 163, "process": 12272, "message": "N\u00famero \u00fanico 8 n\u00e3o est\u00e1 no livro fiscal"}
{"name": "__main__", "timestamp": "2025-05-19T01:15:03Z", "severity": "INFO", "filename": "launch2.py", "lineno": 163, "process": 12272, "message": "N\u00famero \u00fanico 7 n\u00e3o est\u00e1 no livro fiscal"}
{"name": "__main__", "timestamp": "2025-05-19T01:15:03Z", "severity": "INFO", "filename": "launch2.py", "lineno": 163, "process": 12272, "message": "N\u00famero \u00fanico 1 n\u00e3o est\u00e1 no livro fiscal"}
{"name": "__main__", "timestamp": "2025-05-19T01:15:03Z", "severity": "INFO", "filename": "launch2.py", "lineno": 163, "process": 12272, "message": "N\u00famero \u00fanico 6 n\u00e3o est\u00e1 no livro fiscal"}
{"name": "__main__", "timestamp": "2025-05-19T01:15:03Z", "severity": "INFO", "filename": "launch2.py", "lineno": 163, "process": 12272, "message": "N\u00famero \u00fanico 6 n\u00e3o est\u00e1 no livro fiscal"}
{"name": "__main__", "timestamp": "2025-05-19T01:15:03Z", "severity": "INFO", "filename": "launch2.py", "lineno": 163, "process": 12272, "message": "N\u00famero \u00fanico 3 n\u00e3o est\u00e1 no livro fiscal"}
{"name": "__main__", "timestamp": "2025-05-19T01:15:03Z", "severity": "INFO", "filename": "launch2.py", "lineno": 163, "process": 12272, "message": "N\u00famero \u00fanico 3 n\u00e3o est\u00e1 no livro fiscal"}
{"name": "__main__", "timestamp": "2025-05-19T01:15:03Z", "severity": "INFO", "filename": "launch2.py", "lineno": 163, "process": 12272, "message": "N\u00famero \u00fanico 4 n\u00e3o est\u00e1 no livro fiscal"}
{"name": "__main__", "timestamp": "2025-05-19T01:15:09Z", "severity": "INFO", "filename": "launch2.py", "lineno": 163, "process": 12272, "message": "N\u00famero \u00fanico 167965 n\u00e3o est\u00e1 no livro fiscal"}
{"name": "__main__", "timestamp": "2025-05-19T01:15:10Z", "severity": "INFO", "filename": "launch2.py", "lineno": 163, "process": 12272, "message": "N\u00famero \u00fanico 170204 n\u00e3o est\u00e1 no livro fiscal"}
{"name": "src.utils.snk_requester", "timestamp": "2025-05-19T01:15:19Z", "severity": "ERROR", "filename": "snk_requester.py", "lineno": 97, "process": 12272, "message": "Erro no servi\u00e7o ImportacaoXMLNotasSP.processarArquivo: status=0, message=N\u00e3o \u00e9 poss\u00edvel processar esta importa\u00e7\u00e3o, pois ela n\u00e3o possui XML."}
{"name": "__main__", "timestamp": "2025-05-19T01:15:19Z", "severity": "WARNING", "filename": "launch2.py", "lineno": 144, "process": 12272, "message": "N\u00e3o tem aviso de importa\u00e7\u00e3o \n MSG: {'serviceName': 'ImportacaoXMLNotasSP.processarArquivo', 'status': '0', 'pendingPrinting': 'false', 'transactionId': 'C0EABDF657FC6DC6C48BC5CD5DD14BA2', 'tsError': {'tsErrorCode': 'CORE_E00237', 'tsErrorLevel': 'ERROR'}, 'statusMessage': 'N\u00e3o \u00e9 poss\u00edvel processar esta importa\u00e7\u00e3o, pois ela n\u00e3o possui XML.'}"}
{"name": "src.utils.snk_requester", "timestamp": "2025-05-19T01:15:23Z", "severity": "ERROR", "filename": "snk_requester.py", "lineno": 97, "process": 12272, "message": "Erro no servi\u00e7o ImportacaoXMLNotasSP.processarArquivo: status=0, message=ORA-20101: Nota j\u00e1 foi gerada no Livro Fiscal de ICMS/IPI, n\u00e3o pode ser alterada. Nota de Nro \u00danico: 165987\nORA-06512: em \"SANKHYA.TRG_UPD_TGFCAB\", line 979\nORA-04088: erro durante a execu\u00e7\u00e3o do gatilho 'SANKHYA.TRG_UPD_TGFCAB'"}
{"name": "src.utils.snk_requester", "timestamp": "2025-05-19T01:15:24Z", "severity": "ERROR", "filename": "snk_requester.py", "lineno": 97, "process": 12272, "message": "Erro no servi\u00e7o ImportacaoXMLNotasSP.processarArquivo: status=0, message=ORA-20101: Nota j\u00e1 foi gerada no Livro Fiscal de ICMS/IPI, n\u00e3o pode ser alterada. Nota de Nro \u00danico: 166334\nORA-06512: em \"SANKHYA.TRG_UPD_TGFCAB\", line 979\nORA-04088: erro durante a execu\u00e7\u00e3o do gatilho 'SANKHYA.TRG_UPD_TGFCAB'"}
{"name": "__main__", "timestamp": "2025-05-19T01:15:48Z", "severity": "INFO", "filename": "launch2.py", "lineno": 163, "process": 12272, "message": "N\u00famero \u00fanico 00428307002646 n\u00e3o est\u00e1 no livro fiscal"}
{"name": "__main__", "timestamp": "2025-05-19T01:15:48Z", "severity": "INFO", "filename": "launch2.py", "lineno": 163, "process": 12272, "message": "N\u00famero \u00fanico 1 n\u00e3o est\u00e1 no livro fiscal"}
{"name": "__main__", "timestamp": "2025-05-19T01:15:48Z", "severity": "INFO", "filename": "launch2.py", "lineno": 163, "process": 12272, "message": "N\u00famero \u00fanico 6 n\u00e3o est\u00e1 no livro fiscal"}
{"name": "__main__", "timestamp": "2025-05-19T01:15:48Z", "severity": "INFO", "filename": "launch2.py", "lineno": 163, "process": 12272, "message": "N\u00famero \u00fanico 5 n\u00e3o est\u00e1 no livro fiscal"}
{"name": "__main__", "timestamp": "2025-05-19T01:15:48Z", "severity": "INFO", "filename": "launch2.py", "lineno": 163, "process": 12272, "message": "N\u00famero \u00fanico 9 n\u00e3o est\u00e1 no livro fiscal"}
{"name": "__main__", "timestamp": "2025-05-19T01:15:48Z", "severity": "INFO", "filename": "launch2.py", "lineno": 163, "process": 12272, "message": "N\u00famero \u00fanico 8 n\u00e3o est\u00e1 no livro fiscal"}
{"name": "__main__", "timestamp": "2025-05-19T01:15:49Z", "severity": "INFO", "filename": "launch2.py", "lineno": 163, "process": 12272, "message": "N\u00famero \u00fanico 7 n\u00e3o est\u00e1 no livro fiscal"}
{"name": "__main__", "timestamp": "2025-05-19T01:15:49Z", "severity": "INFO", "filename": "launch2.py", "lineno": 163, "process": 12272, "message": "N\u00famero \u00fanico 1 n\u00e3o est\u00e1 no livro fiscal"}
{"name": "__main__", "timestamp": "2025-05-19T01:15:49Z", "severity": "INFO", "filename": "launch2.py", "lineno": 163, "process": 12272, "message": "N\u00famero \u00fanico 6 n\u00e3o est\u00e1 no livro fiscal"}
{"name": "__main__", "timestamp": "2025-05-19T01:15:49Z", "severity": "INFO", "filename": "launch2.py", "lineno": 163, "process": 12272, "message": "N\u00famero \u00fanico 6 n\u00e3o est\u00e1 no livro fiscal"}
{"name": "__main__", "timestamp": "2025-05-19T01:15:49Z", "severity": "INFO", "filename": "launch2.py", "lineno": 163, "process": 12272, "message": "N\u00famero \u00fanico 3 n\u00e3o est\u00e1 no livro fiscal"}
{"name": "__main__", "timestamp": "2025-05-19T01:15:49Z", "severity": "INFO", "filename": "launch2.py", "lineno": 163, "process": 12272, "message": "N\u00famero \u00fanico 3 n\u00e3o est\u00e1 no livro fiscal"}
{"name": "__main__", "timestamp": "2025-05-19T01:15:49Z", "severity": "INFO", "filename": "launch2.py", "lineno": 163, "process": 12272, "message": "N\u00famero \u00fanico 4 n\u00e3o est\u00e1 no livro fiscal"}
{"name": "src.utils.snk_requester", "timestamp": "2025-05-19T01:15:49Z", "severity": "ERROR", "filename": "snk_requester.py", "lineno": 97, "process": 12272, "message": "Erro no servi\u00e7o ImportacaoXMLNotasSP.processarArquivo: status=0, message=N\u00e3o \u00e9 poss\u00edvel processar esta importa\u00e7\u00e3o, pois ela n\u00e3o possui XML."}
{"name": "__main__", "timestamp": "2025-05-19T01:15:49Z", "severity": "WARNING", "filename": "launch2.py", "lineno": 144, "process": 12272, "message": "N\u00e3o tem aviso de importa\u00e7\u00e3o \n MSG: {'serviceName': 'ImportacaoXMLNotasSP.processarArquivo', 'status': '0', 'pendingPrinting': 'false', 'transactionId': 'D86DB3F807337C8463C776CE88FC12EC', 'tsError': {'tsErrorCode': 'CORE_E00237', 'tsErrorLevel': 'ERROR'}, 'statusMessage': 'N\u00e3o \u00e9 poss\u00edvel processar esta importa\u00e7\u00e3o, pois ela n\u00e3o possui XML.'}"}
{"name": "src.utils.snk_requester", "timestamp": "2025-05-19T01:15:50Z", "severity": "ERROR", "filename": "snk_requester.py", "lineno": 97, "process": 12272, "message": "Erro no servi\u00e7o ImportacaoXMLNotasSP.processarArquivo: status=0, message=ORA-20101: Nota j\u00e1 foi gerada no Livro Fiscal de ICMS/IPI, n\u00e3o pode ser alterada. Nota de Nro \u00danico: 165987\nORA-06512: em \"SANKHYA.TRG_UPD_TGFCAB\", line 979\nORA-04088: erro durante a execu\u00e7\u00e3o do gatilho 'SANKHYA.TRG_UPD_TGFCAB'"}
{"name": "src.utils.snk_requester", "timestamp": "2025-05-19T01:15:50Z", "severity": "ERROR", "filename": "snk_requester.py", "lineno": 97, "process": 12272, "message": "Erro no servi\u00e7o ImportacaoXMLNotasSP.processarArquivo: status=0, message=ORA-20101: Nota j\u00e1 foi gerada no Livro Fiscal de ICMS/IPI, n\u00e3o pode ser alterada. Nota de Nro \u00danico: 166334\nORA-06512: em \"SANKHYA.TRG_UPD_TGFCAB\", line 979\nORA-04088: erro durante a execu\u00e7\u00e3o do gatilho 'SANKHYA.TRG_UPD_TGFCAB'"}
{"name": "__main__", "timestamp": "2025-05-19T01:15:50Z", "severity": "INFO", "filename": "launch2.py", "lineno": 163, "process": 12272, "message": "N\u00famero \u00fanico 00428307002646 n\u00e3o est\u00e1 no livro fiscal"}
{"name": "__main__", "timestamp": "2025-05-19T01:15:51Z", "severity": "INFO", "filename": "launch2.py", "lineno": 163, "process": 12272, "message": "N\u00famero \u00fanico 1 n\u00e3o est\u00e1 no livro fiscal"}
{"name": "__main__", "timestamp": "2025-05-19T01:15:51Z", "severity": "INFO", "filename": "launch2.py", "lineno": 163, "process": 12272, "message": "N\u00famero \u00fanico 6 n\u00e3o est\u00e1 no livro fiscal"}
{"name": "__main__", "timestamp": "2025-05-19T01:15:51Z", "severity": "INFO", "filename": "launch2.py", "lineno": 163, "process": 12272, "message": "N\u00famero \u00fanico 5 n\u00e3o est\u00e1 no livro fiscal"}
{"name": "__main__", "timestamp": "2025-05-19T01:15:51Z", "severity": "INFO", "filename": "launch2.py", "lineno": 163, "process": 12272, "message": "N\u00famero \u00fanico 9 n\u00e3o est\u00e1 no livro fiscal"}
{"name": "__main__", "timestamp": "2025-05-19T01:15:51Z", "severity": "INFO", "filename": "launch2.py", "lineno": 163, "process": 12272, "message": "N\u00famero \u00fanico 8 n\u00e3o est\u00e1 no livro fiscal"}
{"name": "__main__", "timestamp": "2025-05-19T01:15:51Z", "severity": "INFO", "filename": "launch2.py", "lineno": 163, "process": 12272, "message": "N\u00famero \u00fanico 7 n\u00e3o est\u00e1 no livro fiscal"}
{"name": "__main__", "timestamp": "2025-05-19T01:15:51Z", "severity": "INFO", "filename": "launch2.py", "lineno": 163, "process": 12272, "message": "N\u00famero \u00fanico 1 n\u00e3o est\u00e1 no livro fiscal"}
{"name": "__main__", "timestamp": "2025-05-19T01:15:51Z", "severity": "INFO", "filename": "launch2.py", "lineno": 163, "process": 12272, "message": "N\u00famero \u00fanico 6 n\u00e3o est\u00e1 no livro fiscal"}
{"name": "__main__", "timestamp": "2025-05-19T01:15:51Z", "severity": "INFO", "filename": "launch2.py", "lineno": 163, "process": 12272, "message": "N\u00famero \u00fanico 6 n\u00e3o est\u00e1 no livro fiscal"}
{"name": "__main__", "timestamp": "2025-05-19T01:15:51Z", "severity": "INFO", "filename": "launch2.py", "lineno": 163, "process": 12272, "message": "N\u00famero \u00fanico 3 n\u00e3o est\u00e1 no livro fiscal"}
{"name": "__main__", "timestamp": "2025-05-19T01:15:51Z", "severity": "INFO", "filename": "launch2.py", "lineno": 163, "process": 12272, "message": "N\u00famero \u00fanico 3 n\u00e3o est\u00e1 no livro fiscal"}
{"name": "__main__", "timestamp": "2025-05-19T01:15:51Z", "severity": "INFO", "filename": "launch2.py", "lineno": 163, "process": 12272, "message": "N\u00famero \u00fanico 4 n\u00e3o est\u00e1 no livro fiscal"}
{"name": "src.utils.snk_requester", "timestamp": "2025-05-19T01:15:52Z", "severity": "ERROR", "filename": "snk_requester.py", "lineno": 97, "process": 12272, "message": "Erro no servi\u00e7o ImportacaoXMLNotasSP.processarArquivo: status=0, message=N\u00e3o \u00e9 poss\u00edvel processar esta importa\u00e7\u00e3o, pois ela n\u00e3o possui XML."}
{"name": "__main__", "timestamp": "2025-05-19T01:15:52Z", "severity": "WARNING", "filename": "launch2.py", "lineno": 144, "process": 12272, "message": "N\u00e3o tem aviso de importa\u00e7\u00e3o \n MSG: {'serviceName': 'ImportacaoXMLNotasSP.processarArquivo', 'status': '0', 'pendingPrinting': 'false', 'transactionId': '1DAB7ACEFB37CC5BEDED534191218C1C', 'tsError': {'tsErrorCode': 'CORE_E00237', 'tsErrorLevel': 'ERROR'}, 'statusMessage': 'N\u00e3o \u00e9 poss\u00edvel processar esta importa\u00e7\u00e3o, pois ela n\u00e3o possui XML.'}"}
{"name": "src.utils.snk_requester", "timestamp": "2025-05-19T01:18:26Z", "severity": "ERROR", "filename": "snk_requester.py", "lineno": 97, "process": 16620, "message": "Erro no servi\u00e7o ImportacaoXMLNotasSP.processarArquivo: status=0, message=N\u00e3o \u00e9 poss\u00edvel processar esta importa\u00e7\u00e3o, pois ela n\u00e3o possui XML."}
{"name": "src.utils.snk_requester", "timestamp": "2025-05-19T01:18:26Z", "severity": "ERROR", "filename": "snk_requester.py", "lineno": 97, "process": 16620, "message": "Erro no servi\u00e7o ImportacaoXMLNotasSP.validarImportacao: status=0, message=N\u00e3o \u00e9 poss\u00edvel processar esta importa\u00e7\u00e3o, pois ela n\u00e3o possui XML."}
{"name": "src.utils.snk_requester", "timestamp": "2025-05-19T01:18:29Z", "severity": "ERROR", "filename": "snk_requester.py", "lineno": 97, "process": 16620, "message": "Erro no servi\u00e7o ImportacaoXMLNotasSP.validarImportacao: status=0, message=ORA-20101: Nota j\u00e1 foi gerada no Livro Fiscal de ICMS/IPI, n\u00e3o pode ser alterada. Nota de Nro \u00danico: 165987\nORA-06512: em \"SANKHYA.TRG_UPD_TGFCAB\", line 979\nORA-04088: erro durante a execu\u00e7\u00e3o do gatilho 'SANKHYA.TRG_UPD_TGFCAB'"}
{"name": "src.utils.snk_requester", "timestamp": "2025-05-19T01:18:29Z", "severity": "ERROR", "filename": "snk_requester.py", "lineno": 97, "process": 16620, "message": "Erro no servi\u00e7o ImportacaoXMLNotasSP.validarImportacao: status=0, message=ORA-20101: Nota j\u00e1 foi gerada no Livro Fiscal de ICMS/IPI, n\u00e3o pode ser alterada. Nota de Nro \u00danico: 166334\nORA-06512: em \"SANKHYA.TRG_UPD_TGFCAB\", line 979\nORA-04088: erro durante a execu\u00e7\u00e3o do gatilho 'SANKHYA.TRG_UPD_TGFCAB'"}
{"name": "src.utils.snk_requester", "timestamp": "2025-05-19T01:18:29Z", "severity": "ERROR", "filename": "snk_requester.py", "lineno": 97, "process": 16620, "message": "Erro no servi\u00e7o CACSP.confirmarNota: status=0, message=\u00c9 necess\u00e1rio informar o conte\u00fado do elemento 'NUNOTA'."}
{"name": "src.utils.snk_requester", "timestamp": "2025-05-19T01:18:32Z", "severity": "ERROR", "filename": "snk_requester.py", "lineno": 97, "process": 16620, "message": "Erro no servi\u00e7o CACSP.confirmarNota: status=0, message=\u00c9 necess\u00e1rio informar o conte\u00fado do elemento 'NUNOTA'."}
{"name": "src.utils.snk_requester", "timestamp": "2025-05-19T01:18:32Z", "severity": "ERROR", "filename": "snk_requester.py", "lineno": 97, "process": 16620, "message": "Erro no servi\u00e7o CACSP.confirmarNota: status=0, message=A nota 175711 j\u00e1 foi confirmada."}
{"name": "src.utils.snk_requester", "timestamp": "2025-05-19T01:18:33Z", "severity": "ERROR", "filename": "snk_requester.py", "lineno": 97, "process": 16620, "message": "Erro no servi\u00e7o CACSP.confirmarNota: status=0, message=\u00c9 necess\u00e1rio informar o conte\u00fado do elemento 'NUNOTA'."}
{"name": "src.utils.snk_requester", "timestamp": "2025-05-19T01:18:34Z", "severity": "ERROR", "filename": "snk_requester.py", "lineno": 97, "process": 16620, "message": "Erro no servi\u00e7o CACSP.confirmarNota: status=0, message=\u00c9 necess\u00e1rio informar o conte\u00fado do elemento 'NUNOTA'."}
{"name": "src.utils.snk_requester", "timestamp": "2025-05-19T01:18:34Z", "severity": "ERROR", "filename": "snk_requester.py", "lineno": 97, "process": 16620, "message": "Erro no servi\u00e7o CACSP.confirmarNota: status=0, message=A nota 170118 j\u00e1 foi confirmada."}
{"name": "src.utils.snk_requester", "timestamp": "2025-05-19T01:18:34Z", "severity": "ERROR", "filename": "snk_requester.py", "lineno": 97, "process": 16620, "message": "Erro no servi\u00e7o CACSP.confirmarNota: status=0, message=A nota 175710 j\u00e1 foi confirmada."}
{"name": "src.utils.snk_requester", "timestamp": "2025-05-19T01:18:34Z", "severity": "ERROR", "filename": "snk_requester.py", "lineno": 97, "process": 16620, "message": "Erro no servi\u00e7o CACSP.confirmarNota: status=0, message=A nota 175712 j\u00e1 foi confirmada."}
{"name": "src.utils.snk_requester", "timestamp": "2025-05-19T01:24:27Z", "severity": "ERROR", "filename": "snk_requester.py", "lineno": 97, "process": 5284, "message": "Erro no servi\u00e7o ImportacaoXMLNotasSP.processarArquivo: status=0, message=N\u00e3o \u00e9 poss\u00edvel processar esta importa\u00e7\u00e3o, pois ela n\u00e3o possui XML."}
{"name": "src.utils.snk_requester", "timestamp": "2025-05-19T01:24:27Z", "severity": "ERROR", "filename": "snk_requester.py", "lineno": 97, "process": 5284, "message": "Erro no servi\u00e7o ImportacaoXMLNotasSP.validarImportacao: status=0, message=N\u00e3o \u00e9 poss\u00edvel processar esta importa\u00e7\u00e3o, pois ela n\u00e3o possui XML."}
{"name": "src.utils.snk_requester", "timestamp": "2025-05-19T01:24:29Z", "severity": "ERROR", "filename": "snk_requester.py", "lineno": 97, "process": 5284, "message": "Erro no servi\u00e7o ImportacaoXMLNotasSP.validarImportacao: status=0, message=ORA-20101: Nota j\u00e1 foi gerada no Livro Fiscal de ICMS/IPI, n\u00e3o pode ser alterada. Nota de Nro \u00danico: 165987\nORA-06512: em \"SANKHYA.TRG_UPD_TGFCAB\", line 979\nORA-04088: erro durante a execu\u00e7\u00e3o do gatilho 'SANKHYA.TRG_UPD_TGFCAB'"}
{"name": "src.utils.snk_requester", "timestamp": "2025-05-19T01:24:30Z", "severity": "ERROR", "filename": "snk_requester.py", "lineno": 97, "process": 5284, "message": "Erro no servi\u00e7o ImportacaoXMLNotasSP.validarImportacao: status=0, message=ORA-20101: Nota j\u00e1 foi gerada no Livro Fiscal de ICMS/IPI, n\u00e3o pode ser alterada. Nota de Nro \u00danico: 166334\nORA-06512: em \"SANKHYA.TRG_UPD_TGFCAB\", line 979\nORA-04088: erro durante a execu\u00e7\u00e3o do gatilho 'SANKHYA.TRG_UPD_TGFCAB'"}
{"name": "src.utils.snk_requester", "timestamp": "2025-05-19T01:24:31Z", "severity": "ERROR", "filename": "snk_requester.py", "lineno": 97, "process": 5284, "message": "Erro no servi\u00e7o CACSP.confirmarNota: status=0, message=\u00c9 necess\u00e1rio informar o conte\u00fado do elemento 'NUNOTA'."}
{"name": "src.utils.snk_requester", "timestamp": "2025-05-19T01:24:31Z", "severity": "ERROR", "filename": "snk_requester.py", "lineno": 97, "process": 5284, "message": "Erro no servi\u00e7o CACSP.confirmarNota: status=0, message=\u00c9 necess\u00e1rio informar o conte\u00fado do elemento 'NUNOTA'."}
{"name": "src.utils.snk_requester", "timestamp": "2025-05-19T01:24:31Z", "severity": "ERROR", "filename": "snk_requester.py", "lineno": 97, "process": 5284, "message": "Erro no servi\u00e7o CACSP.confirmarNota: status=0, message=\u00c9 necess\u00e1rio informar o conte\u00fado do elemento 'NUNOTA'."}
{"name": "src.utils.snk_requester", "timestamp": "2025-05-19T01:27:10Z", "severity": "ERROR", "filename": "snk_requester.py", "lineno": 97, "process": 15052, "message": "Erro no servi\u00e7o ImportacaoXMLNotasSP.processarArquivo: status=0, message=ORA-20101: Nota j\u00e1 foi gerada no Livro Fiscal de ICMS/IPI, n\u00e3o pode ser alterada. Nota de Nro \u00danico: 165987\nORA-06512: em \"SANKHYA.TRG_UPD_TGFCAB\", line 979\nORA-04088: erro durante a execu\u00e7\u00e3o do gatilho 'SANKHYA.TRG_UPD_TGFCAB'"}
{"name": "src.utils.snk_requester", "timestamp": "2025-05-19T01:27:11Z", "severity": "ERROR", "filename": "snk_requester.py", "lineno": 97, "process": 15052, "message": "Erro no servi\u00e7o ImportacaoXMLNotasSP.validarImportacao: status=0, message=ORA-20101: Nota j\u00e1 foi gerada no Livro Fiscal de ICMS/IPI, n\u00e3o pode ser alterada. Nota de Nro \u00danico: 165987\nORA-06512: em \"SANKHYA.TRG_UPD_TGFCAB\", line 979\nORA-04088: erro durante a execu\u00e7\u00e3o do gatilho 'SANKHYA.TRG_UPD_TGFCAB'"}
{"name": "src.utils.snk_requester", "timestamp": "2025-05-19T01:27:11Z", "severity": "ERROR", "filename": "snk_requester.py", "lineno": 97, "process": 15052, "message": "Erro no servi\u00e7o CACSP.confirmarNota: status=0, message=\u00c9 necess\u00e1rio informar o conte\u00fado do elemento 'NUNOTA'."}
{"name": "src.utils.snk_requester", "timestamp": "2025-05-19T01:27:11Z", "severity": "ERROR", "filename": "snk_requester.py", "lineno": 97, "process": 15052, "message": "Erro no servi\u00e7o CACSP.confirmarNota: status=0, message=A nota 175872 j\u00e1 foi confirmada."}
