[12681, 12682, 12684, 12686, 12687, 12711, 12712, 12713, 12714, 12756, 12760, 12761, 12762, 12764, 12768, 12798, 12802, 12804, 12805]
GetConfigFromNuarquivo | list: 12681,12682,12684,12686,12687,12711,12712,12713,12714,12756,12760,12761,12762,12764,12768,12798,12802,12804,12805
Nota(s) com frete incluso.Não é possível vincular o CT-e com esta(s) nota(s) Nro(s) Únicos(s): 155852
Nota(s) com frete incluso.Não é possível vincular o CT-e com esta(s) nota(s) Nro(s) Únicos(s): 155678
Nota(s) com frete incluso.Não é possível vincular o CT-e com esta(s) nota(s) Nro(s) Únicos(s): 155822
Nota(s) com frete incluso.Não é possível vincular o CT-e com esta(s) nota(s) Nro(s) Únicos(s): 155777
Nota(s) com frete incluso.Não é possível vincular o CT-e com esta(s) nota(s) Nro(s) Únicos(s): 155698, 149327
Nota(s) com frete incluso.Não é possível vincular o CT-e com esta(s) nota(s) Nro(s) Únicos(s): 156297
Nota(s) com frete incluso.Não é possível vincular o CT-e com esta(s) nota(s) Nro(s) Únicos(s): 156230
Nota(s) com frete incluso.Não é possível vincular o CT-e com esta(s) nota(s) Nro(s) Únicos(s): 156281
Nota(s) com frete incluso.Não é possível vincular o CT-e com esta(s) nota(s) Nro(s) Únicos(s): 156130
-Parceiro com CNPJ: 00428307002301 não encontrado.
Nota(s) com frete incluso.Não é possível vincular o CT-e com esta(s) nota(s) Nro(s) Únicos(s): 156833
Nota(s) com frete incluso.Não é possível vincular o CT-e com esta(s) nota(s) Nro(s) Únicos(s): 156957
Nota(s) com frete incluso.Não é possível vincular o CT-e com esta(s) nota(s) Nro(s) Únicos(s): 156568, 156769
Nota(s) com frete incluso.Não é possível vincular o CT-e com esta(s) nota(s) Nro(s) Únicos(s): 156938
Nota(s) com frete incluso.Não é possível vincular o CT-e com esta(s) nota(s) Nro(s) Únicos(s): 156773
-Parceiro com CNPJ: 00428307001160 não encontrado.
Nota(s) com frete incluso.Não é possível vincular o CT-e com esta(s) nota(s) Nro(s) Únicos(s): 157486
Nota(s) com frete incluso.Não é possível vincular o CT-e com esta(s) nota(s) Nro(s) Únicos(s): 157335
Nota(s) com frete incluso.Não é possível vincular o CT-e com esta(s) nota(s) Nro(s) Únicos(s): 157316